TN:
SF:src\router.ts
FN:128,(anonymous_0)
FN:183,(anonymous_1)
FNF:2
FNH:2
FNDA:4,(anonymous_0)
FNDA:3,(anonymous_1)
DA:1,1
DA:2,1
DA:3,1
DA:4,1
DA:6,1
DA:51,1
DA:81,1
DA:121,1
DA:128,4
DA:176,1
DA:183,3
DA:189,1
DA:195,1
DA:202,1
LF:14
LH:14
BRF:0
BRH:0
end_of_record
TN:
SF:src\server.ts
FN:9,connectDB
FNF:1
FNH:1
FNDA:2,connectDB
DA:1,1
DA:2,1
DA:3,1
DA:4,1
DA:5,1
DA:6,1
DA:9,1
DA:10,2
DA:11,2
DA:13,1
DA:17,1
DA:20,1
DA:23,1
DA:26,1
DA:29,1
DA:32,1
DA:34,1
LF:17
LH:17
BRF:0
BRH:0
end_of_record
TN:
SF:src\config\db.ts
FNF:0
FNH:0
DA:1,1
DA:2,1
DA:3,1
DA:5,1
DA:10,1
LF:5
LH:5
BRF:0
BRH:0
end_of_record
TN:
SF:src\config\swagger.ts
FNF:0
FNH:0
DA:1,1
DA:3,1
DA:21,1
DA:22,1
LF:4
LH:4
BRF:0
BRH:0
end_of_record
TN:
SF:src\handlers\products.ts
FN:4,(anonymous_1)
FN:11,(anonymous_2)
FN:24,(anonymous_3)
FN:29,(anonymous_4)
FN:43,(anonymous_5)
FN:58,(anonymous_6)
FNF:6
FNH:6
FNDA:2,(anonymous_1)
FNDA:2,(anonymous_2)
FNDA:1,(anonymous_3)
FNDA:1,(anonymous_4)
FNDA:2,(anonymous_5)
FNDA:2,(anonymous_6)
DA:2,1
DA:4,1
DA:5,2
DA:8,0
DA:11,1
DA:12,2
DA:14,2
DA:15,0
DA:16,0
DA:21,0
DA:24,1
DA:25,1
DA:26,0
DA:29,1
DA:30,1
DA:31,1
DA:32,0
DA:33,0
DA:38,0
DA:40,0
DA:43,1
DA:44,2
DA:45,2
DA:46,0
DA:47,0
DA:52,0
DA:53,0
DA:55,0
DA:58,1
DA:59,2
DA:60,2
DA:61,0
DA:62,0
DA:67,0
DA:68,0
LF:35
LH:17
BRDA:15,0,0,0
BRDA:32,1,0,0
BRDA:46,2,0,0
BRDA:61,3,0,0
BRF:4
BRH:0
end_of_record
TN:
SF:src\middleware\index.ts
FN:4,(anonymous_0)
FNF:1
FNH:1
FNDA:15,(anonymous_0)
DA:2,1
DA:4,1
DA:5,15
DA:6,15
DA:7,7
DA:9,8
LF:6
LH:6
BRDA:6,0,0,7
BRF:1
BRH:1
end_of_record
TN:
SF:src\models\Product.model.ts
FNF:0
FNH:0
DA:1,2
DA:7,2
DA:11,2
DA:16,2
DA:22,2
DA:25,2
LF:6
LH:6
BRF:0
BRH:0
end_of_record
